  Source.cpp
D:\MyProjects_C++\DV_Lab4\Source.cpp(9,34): warning C4326: return type of 'main' should be 'int' instead of 'void'
Source.obj : error LNK2019: unresolved external symbol __imp_glBegin referenced in function "void __cdecl setPixels(int,int,int,int)" (?setPixels@@YAXHHHH@Z)
Source.obj : error LNK2019: unresolved external symbol __imp_glColor3f referenced in function "void __cdecl figure(void)" (?figure@@YAXXZ)
Source.obj : error LNK2019: unresolved external symbol __imp_glEnd referenced in function "void __cdecl setPixels(int,int,int,int)" (?setPixels@@YAXHHHH@Z)
Source.obj : error LNK2019: unresolved external symbol __imp_glFlush referenced in function "void __cdecl setPixels(int,int,int,int)" (?setPixels@@YAXHHHH@Z)
Source.obj : error LNK2019: unresolved external symbol __imp_glMatrixMode referenced in function "void __cdecl backgroundSettings(void)" (?backgroundSettings@@YAXXZ)
Source.obj : error LNK2019: unresolved external symbol __imp_glPointSize referenced in function main
Source.obj : error LNK2019: unresolved external symbol __imp_glVertex2i referenced in function "void __cdecl setPixels(int,int,int,int)" (?setPixels@@YAXHHHH@Z)
Source.obj : error LNK2019: unresolved external symbol gluOrtho2D referenced in function "void __cdecl backgroundSettings(void)" (?backgroundSettings@@YAXXZ)
Source.obj : error LNK2019: unresolved external symbol __imp___glutInitWithExit referenced in function glutInit_ATEXIT_HACK
Source.obj : error LNK2019: unresolved external symbol __imp_glutInitWindowPosition referenced in function main
Source.obj : error LNK2019: unresolved external symbol __imp_glutInitWindowSize referenced in function main
Source.obj : error LNK2019: unresolved external symbol __imp_glutMainLoop referenced in function main
Source.obj : error LNK2019: unresolved external symbol __imp___glutCreateWindowWithExit referenced in function glutCreateWindow_ATEXIT_HACK
Source.obj : error LNK2019: unresolved external symbol __imp_glutDisplayFunc referenced in function main
C:\Program Files\Microsoft Visual Studio\2022\Community\VC\Tools\MSVC\14.37.32822\lib\x64\opengl32.lib : warning LNK4272: library machine type 'x86' conflicts with target machine type 'x64'
C:\Program Files\Microsoft Visual Studio\2022\Community\VC\Tools\MSVC\14.37.32822\lib\x64\glu32.lib : warning LNK4272: library machine type 'x86' conflicts with target machine type 'x64'
C:\Program Files\Microsoft Visual Studio\2022\Community\VC\Tools\MSVC\14.37.32822\lib\x64\glut32.lib : warning LNK4272: library machine type 'x86' conflicts with target machine type 'x64'
D:\MyProjects_C++\DV_Lab4\x64\Debug\DV_Lab4.exe : fatal error LNK1120: 14 unresolved externals
